<?xml version="1.0" encoding="UTF-8"?>
<!-- Generated by org.testng.reporters.JUnitReportReporter -->
<testsuite hostname="PRC-20170801ZCL" name="springboot.webSpringboot.testCase.login" tests="7" failures="0" timestamp="6 Jun 2019 08:01:11 GMT" time="37.951" errors="0">
  <testcase name="FalseUNullLogin" time="4.179" classname="springboot.webSpringboot.testCase.login"/>
  <testcase name="FalsePNullLogin" time="4.198" classname="springboot.webSpringboot.testCase.login"/>
  <testcase name="LoginFindPasswordPage" time="4.173" classname="springboot.webSpringboot.testCase.login"/>
  <testcase name="logingTrue" time="12.631" classname="springboot.webSpringboot.testCase.login"/>
  <testcase name="FalsePLogin" time="5.276" classname="springboot.webSpringboot.testCase.login"/>
  <testcase name="FalseULogin" time="4.342" classname="springboot.webSpringboot.testCase.login"/>
  <testcase name="JUPclick" time="3.152" classname="springboot.webSpringboot.testCase.login"/>
</testsuite> <!-- springboot.webSpringboot.testCase.login -->
