<?xml version="1.0" encoding="UTF-8"?>
<!-- Generated by org.testng.reporters.JUnitReportReporter -->
<testsuite hostname="PRC-20170801ZCL" name="springboot.webSpringboot.testCase.login" tests="7" failures="0" timestamp="10 Jun 2019 02:56:33 GMT" time="27.253" errors="0">
  <testcase name="logingTrue" time="9.739" classname="springboot.webSpringboot.testCase.login"/>
  <testcase name="FalsePLogin" time="2.819" classname="springboot.webSpringboot.testCase.login"/>
  <testcase name="FalsePNullLogin" time="2.721" classname="springboot.webSpringboot.testCase.login"/>
  <testcase name="FalseUNullLogin" time="2.769" classname="springboot.webSpringboot.testCase.login"/>
  <testcase name="FalseULogin" time="2.853" classname="springboot.webSpringboot.testCase.login"/>
  <testcase name="JUPclick" time="3.171" classname="springboot.webSpringboot.testCase.login"/>
  <testcase name="LoginFindPasswordPage" time="3.181" classname="springboot.webSpringboot.testCase.login"/>
</testsuite> <!-- springboot.webSpringboot.testCase.login -->
