<?xml version="1.0" encoding="UTF-8"?>
<!-- Generated by org.testng.reporters.JUnitReportReporter -->
<testsuite hostname="PRC-20170801ZCL" name="springboot.webSpringboot.testCase.login" tests="7" failures="0" timestamp="10 Jun 2019 09:05:39 GMT" time="28.490" errors="0">
  <testcase name="logingTrue" time="9.674" classname="springboot.webSpringboot.testCase.login"/>
  <testcase name="LoginFindPasswordPage" time="5.243" classname="springboot.webSpringboot.testCase.login"/>
  <testcase name="FalsePLogin" time="2.808" classname="springboot.webSpringboot.testCase.login"/>
  <testcase name="FalsePNullLogin" time="2.742" classname="springboot.webSpringboot.testCase.login"/>
  <testcase name="FalseUNullLogin" time="2.733" classname="springboot.webSpringboot.testCase.login"/>
  <testcase name="FalseULogin" time="2.943" classname="springboot.webSpringboot.testCase.login"/>
  <testcase name="JUPclick" time="2.347" classname="springboot.webSpringboot.testCase.login"/>
</testsuite> <!-- springboot.webSpringboot.testCase.login -->
