<?xml version="1.0" encoding="UTF-8"?>
<!-- Generated by org.testng.reporters.JUnitReportReporter -->
<testsuite hostname="PRC-20170801ZCL" name="springboot.webSpringboot.testCase.login" tests="7" failures="0" timestamp="10 Jun 2019 03:11:31 GMT" time="28.024" errors="0">
  <testcase name="FalseUNullLogin" time="2.740" classname="springboot.webSpringboot.testCase.login"/>
  <testcase name="FalsePNullLogin" time="2.725" classname="springboot.webSpringboot.testCase.login"/>
  <testcase name="FalsePLogin" time="2.819" classname="springboot.webSpringboot.testCase.login"/>
  <testcase name="logingTrue" time="9.482" classname="springboot.webSpringboot.testCase.login"/>
  <testcase name="FalseULogin" time="2.884" classname="springboot.webSpringboot.testCase.login"/>
  <testcase name="JUPclick" time="2.166" classname="springboot.webSpringboot.testCase.login"/>
  <testcase name="LoginFindPasswordPage" time="5.208" classname="springboot.webSpringboot.testCase.login"/>
</testsuite> <!-- springboot.webSpringboot.testCase.login -->
