<?xml version="1.0" encoding="UTF-8"?>
<!-- Generated by org.testng.reporters.JUnitReportReporter -->
<testsuite hostname="PRC-20170801ZCL" name="springboot.webSpringboot.testcase.Login" tests="7" failures="0" timestamp="17 Sep 2019 03:20:09 GMT" time="33.482" errors="0">
  <testcase name="FalsePNullLogin" time="2.758" classname="springboot.webSpringboot.testcase.Login"/>
  <testcase name="logingTrue" time="9.882" classname="springboot.webSpringboot.testcase.Login"/>
  <testcase name="JUPclick" time="2.499" classname="springboot.webSpringboot.testcase.Login"/>
  <testcase name="FalsePLogin" time="2.893" classname="springboot.webSpringboot.testcase.Login"/>
  <testcase name="LoginFindPasswordPage" time="5.225" classname="springboot.webSpringboot.testcase.Login"/>
  <testcase name="FalseUNullLogin" time="2.744" classname="springboot.webSpringboot.testcase.Login"/>
  <testcase name="FalseULogin" time="7.481" classname="springboot.webSpringboot.testcase.Login"/>
</testsuite> <!-- springboot.webSpringboot.testcase.Login -->
