<?xml version="1.0" encoding="UTF-8"?>
<!-- Generated by org.testng.reporters.JUnitReportReporter -->
<testsuite hostname="PRC-20170801ZCL" name="automate.webautomate.testcase.LoginMKW" tests="1" failures="0" timestamp="23 Sep 2019 07:17:52 GMT" time="6.741" errors="0">
  <testcase name="trueLogin" time="6.741" classname="automate.webautomate.testcase.LoginMKW"/>
</testsuite> <!-- automate.webautomate.testcase.LoginMKW -->
